
Showing logs for build [32mmy-cloud-organization-environme-jqsfn-1[0m stage [32mfrom-build-pack[0m and container [32mstep-credential-initializer-hcjnp[0m
{"level":"info","ts":1592207482.697269,"logger":"fallback-logger","caller":"logging/config.go:69","msg":"Fetch GitHub commit ID from kodata failed: open /var/run/ko/refs/heads/0.8.0-ns-support: no such file or directory"}
{"level":"info","ts":1592207482.699425,"logger":"fallback-logger","caller":"creds-init/main.go:40","msg":"Credentials initialized."}

Showing logs for build [32mmy-cloud-organization-environme-jqsfn-1[0m stage [32mfrom-build-pack[0m and container [32mstep-working-dir-initializer-md62j[0m
{"level":"info","ts":1592207483.9061973,"logger":"fallback-logger","caller":"logging/config.go:69","msg":"Fetch GitHub commit ID from kodata failed: open /var/run/ko/HEAD: no such file or directory"}
{"level":"info","ts":1592207483.9101458,"logger":"fallback-logger","caller":"bash/main.go:64","msg":"Successfully executed command \"sh -c mkdir -p /workspace/source\"; output "}

Showing logs for build [32mmy-cloud-organization-environme-jqsfn-1[0m stage [32mfrom-build-pack[0m and container [32mstep-place-tools[0m

Showing logs for build [32mmy-cloud-organization-environme-jqsfn-1[0m stage [32mfrom-build-pack[0m and container [32mstep-git-source-my-cloud-organization-environme-jqsfn-xsngf[0m
{"level":"info","ts":1592207489.0360796,"logger":"fallback-logger","caller":"logging/config.go:69","msg":"Fetch GitHub commit ID from kodata failed: open /var/run/ko/refs/heads/0.8.0-ns-support: no such file or directory"}
{"level":"info","ts":1592207490.327507,"logger":"fallback-logger","caller":"git/git.go:103","msg":"Successfully cloned https://github.com/my-cloud-organization/environment-kubernetes-cluster-staging.git @ master in path /workspace/source"}

Showing logs for build [32mmy-cloud-organization-environme-jqsfn-1[0m stage [32mfrom-build-pack[0m and container [32mstep-git-merge[0m
Using SHAs from PULL_REFS=master:9d1cf300a77ba0016479e1d2aa1253b431b29655,1:5c18c16ac360af1a29352dc649ae02fbc5f196b2
DEBUG: LC_ALL=C JX_LOG_LEVEL=error git fetch origin --unshallow 5c18c16ac360af1a29352dc649ae02fbc5f196b2: 9d1cf300a77ba0016479e1d2aa1253b431b29655:
DEBUG: ran git fetch --unshallow origin 5c18c16ac360af1a29352dc649ae02fbc5f196b2: 9d1cf300a77ba0016479e1d2aa1253b431b29655: in 
DEBUG: LC_ALL=C JX_LOG_LEVEL=error git branch
DEBUG: LC_ALL=C JX_LOG_LEVEL=error git checkout master
DEBUG: ran git checkout master in 
DEBUG: JX_LOG_LEVEL=error LC_ALL=C git reset --hard 9d1cf300a77ba0016479e1d2aa1253b431b29655
DEBUG: ran git reset --hard 9d1cf300a77ba0016479e1d2aa1253b431b29655 in 
DEBUG: LC_ALL=C JX_LOG_LEVEL=error git clean -fd .
DEBUG: ran clean --force -d . in 
DEBUG: LC_ALL=C JX_LOG_LEVEL=error git merge 5c18c16ac360af1a29352dc649ae02fbc5f196b2
DEBUG: ran git merge 5c18c16ac360af1a29352dc649ae02fbc5f196b2 in 
DEBUG: LC_ALL=C JX_LOG_LEVEL=error git log --format=%H%x1f%an%x1f%ae%x1f%cn%x1f%ce%x1f%s%n%b%x1e 9d1cf300a77ba0016479e1d2aa1253b431b29655..HEAD
Merged SHA 5c18c16ac360af1a29352dc649ae02fbc5f196b2 with commit message 'chore: Promote spring-boot-application to version 0.0.1' into base branch master

Showing logs for build [32mmy-cloud-organization-environme-jqsfn-1[0m stage [32mfrom-build-pack[0m and container [32mstep-build-helm-build[0m
WARNING: No $CHART_REPOSITORY defined so using the default value of: http://jenkins-x-chartmuseum:8080
Adding missing Helm repo: storage.googleapis.com https://storage.googleapis.com/chartmuseum.jenkins-x.io
Successfully added Helm repository storage.googleapis.com.
Adding missing Helm repo: jenkins-x-chartmuseum http://jenkins-x-chartmuseum:8080
Successfully added Helm repository jenkins-x-chartmuseum.
WARNING: No $CHART_REPOSITORY defined so using the default value of: http://jenkins-x-chartmuseum:8080
Adding missing Helm repo: chartmuseum.jenkins-x.io http://chartmuseum.jenkins-x.io
Successfully added Helm repository chartmuseum.jenkins-x.io.
